cl : Línea de comandos warning D9035: La opción 'Gm' está desusada y se quitará en próximas versiones
  strfuncs.c
  slapack_lite.c
c:\users\miste\desktop\app tfg\interfaz\sphinxbase\src\libsphinxbase\util\slapack_lite.c(1041): warning C4244: '=': conversión de 'doublereal' a 'real'; posible pérdida de datos
c:\users\miste\desktop\app tfg\interfaz\sphinxbase\src\libsphinxbase\util\slapack_lite.c(1046): warning C4244: '=': conversión de 'double' a 'real'; posible pérdida de datos
c:\users\miste\desktop\app tfg\interfaz\sphinxbase\src\libsphinxbase\util\slapack_lite.c(1074): warning C4244: '=': conversión de 'doublereal' a 'real'; posible pérdida de datos
c:\users\miste\desktop\app tfg\interfaz\sphinxbase\src\libsphinxbase\util\slapack_lite.c(1079): warning C4244: '=': conversión de 'double' a 'real'; posible pérdida de datos
  slamch.c
  sbthread.c
  profile.c
  priority_queue.c
  pio.c
  mmio.c
  matrix.c
c:\users\miste\desktop\app tfg\interfaz\sphinxbase\src\libsphinxbase\util\matrix.c(71): warning C4244: '*=': conversión de 'float64' a 'float32'; posible pérdida de datos
  logmath.c
  listelem_alloc.c
  heap.c
  hash_table.c
  glist.c
  genrand.c
  filename.c
  f2c_lite.c
  err.c
  dtoa.c
  cmd_ln.c
c:\users\miste\desktop\app tfg\interfaz\sphinxbase\src\libsphinxbase\util\cmd_ln.c(151): warning C4090: 'función': distintos calificadores 'const'
c:\users\miste\desktop\app tfg\interfaz\sphinxbase\src\libsphinxbase\util\cmd_ln.c(332): warning C4090: 'función': distintos calificadores 'const'
  Generando código...
  Compilando...
  ckd_alloc.c
  case.c
  blas_lite.c
  bitvec.c
  bitarr.c
  bio.c
  ngram_model_trie.c
  ngram_model_set.c
  ngram_model.c
c:\users\miste\desktop\app tfg\interfaz\sphinxbase\src\libsphinxbase\lm\ngram_model.c(980): warning C4244: '=': conversión de 'double' a 'float32'; posible pérdida de datos
  lm_trie_quant.c
  lm_trie.c
c:\users\miste\desktop\app tfg\interfaz\sphinxbase\src\libsphinxbase\lm\lm_trie.c(212): warning C4018: '<': no coinciden signed/unsigned
c:\users\miste\desktop\app tfg\interfaz\sphinxbase\src\libsphinxbase\lm\lm_trie.c(294): warning C4018: '<': no coinciden signed/unsigned
c:\users\miste\desktop\app tfg\interfaz\sphinxbase\src\libsphinxbase\lm\lm_trie.c(299): warning C4018: '<': no coinciden signed/unsigned
  ngrams_raw.c
c:\users\miste\desktop\app tfg\interfaz\sphinxbase\src\libsphinxbase\lm\ngrams_raw.c(57): warning C4018: '<': no coinciden signed/unsigned
c:\users\miste\desktop\app tfg\interfaz\sphinxbase\src\libsphinxbase\lm\ngrams_raw.c(99): warning C4244: '=': conversión de 'double' a 'float32'; posible pérdida de datos
c:\users\miste\desktop\app tfg\interfaz\sphinxbase\src\libsphinxbase\lm\ngrams_raw.c(110): warning C4244: '=': conversión de 'double' a 'float'; posible pérdida de datos
c:\users\miste\desktop\app tfg\interfaz\sphinxbase\src\libsphinxbase\lm\ngrams_raw.c(124): warning C4244: '=': conversión de 'double' a 'float'; posible pérdida de datos
  jsgf_scanner.c
jsgf_scanner.c(922): warning C4018: '<': no coinciden signed/unsigned
_jsgf_scanner.l(84): warning C4244: '=': conversión de 'double' a 'float'; posible pérdida de datos
jsgf_scanner.c(1819): warning C4018: '<': no coinciden signed/unsigned
  jsgf_parser.c
  jsgf.c
c:\users\miste\desktop\app tfg\interfaz\sphinxbase\src\libsphinxbase\lm\jsgf.c(945): warning C4090: 'función': distintos calificadores 'const'
  fsg_model.c
c:\users\miste\desktop\app tfg\interfaz\sphinxbase\src\libsphinxbase\lm\fsg_model.c(663): warning C4244: '=': conversión de 'double' a 'float32'; posible pérdida de datos
c:\users\miste\desktop\app tfg\interfaz\sphinxbase\src\libsphinxbase\lm\fsg_model.c(866): warning C4244: 'función': conversión de 'float32' a 'int'; posible pérdida de datos
  yin.c
  fixlog.c
  fe_warp_piecewise_linear.c
  fe_warp_inverse_linear.c
  Generando código...
  Compilando...
  fe_warp.c
  fe_warp_affine.c
  fe_sigproc.c
  fe_prespch_buf.c
  fe_noise.c
  fe_interface.c
c:\users\miste\desktop\app tfg\interfaz\sphinxbase\src\libsphinxbase\fe\fe_interface.c(473): warning C4267: '+=': conversión de 'size_t' a 'int16'; posible pérdida de datos
  lda.c
  feat.c
c:\users\miste\desktop\app tfg\interfaz\sphinxbase\src\libsphinxbase\feat\feat.c(370): warning C4018: '>=': no coinciden signed/unsigned
c:\users\miste\desktop\app tfg\interfaz\sphinxbase\src\libsphinxbase\feat\feat.c(404): warning C4018: '>=': no coinciden signed/unsigned
c:\users\miste\desktop\app tfg\interfaz\sphinxbase\src\libsphinxbase\feat\feat.c(820): warning C4018: '<': no coinciden signed/unsigned
c:\users\miste\desktop\app tfg\interfaz\sphinxbase\src\libsphinxbase\feat\feat.c(900): warning C4018: '<': no coinciden signed/unsigned
c:\users\miste\desktop\app tfg\interfaz\sphinxbase\src\libsphinxbase\feat\feat.c(903): warning C4018: '<': no coinciden signed/unsigned
  cmn_prior.c
  cmn.c
  agc.c
  ad_win32.c
  Generando código...
     Creando biblioteca ../../bin/Debug/Win32/sphinxbase.lib y objeto ../../bin/Debug/Win32/sphinxbase.exp
  sphinxbase.vcxproj -> C:\Users\miste\Desktop\APP TFG\Interfaz\sphinxbase\bin\Debug\Win32\sphinxbase.dll
