c:\users\miste\desktop\app tfg\interfaz\sphinxbase\win32\sphinxbase\debug\win32\vc141.pdb
c:\users\miste\desktop\app tfg\interfaz\sphinxbase\win32\sphinxbase\debug\win32\vc141.idb
c:\users\miste\desktop\app tfg\interfaz\sphinxbase\win32\sphinxbase\debug\win32\cmd_ln.obj
c:\users\miste\desktop\app tfg\interfaz\sphinxbase\win32\sphinxbase\debug\win32\dtoa.obj
c:\users\miste\desktop\app tfg\interfaz\sphinxbase\win32\sphinxbase\debug\win32\err.obj
c:\users\miste\desktop\app tfg\interfaz\sphinxbase\win32\sphinxbase\debug\win32\f2c_lite.obj
c:\users\miste\desktop\app tfg\interfaz\sphinxbase\win32\sphinxbase\debug\win32\filename.obj
c:\users\miste\desktop\app tfg\interfaz\sphinxbase\win32\sphinxbase\debug\win32\genrand.obj
c:\users\miste\desktop\app tfg\interfaz\sphinxbase\win32\sphinxbase\debug\win32\glist.obj
c:\users\miste\desktop\app tfg\interfaz\sphinxbase\win32\sphinxbase\debug\win32\hash_table.obj
c:\users\miste\desktop\app tfg\interfaz\sphinxbase\win32\sphinxbase\debug\win32\heap.obj
c:\users\miste\desktop\app tfg\interfaz\sphinxbase\win32\sphinxbase\debug\win32\listelem_alloc.obj
c:\users\miste\desktop\app tfg\interfaz\sphinxbase\win32\sphinxbase\debug\win32\logmath.obj
c:\users\miste\desktop\app tfg\interfaz\sphinxbase\win32\sphinxbase\debug\win32\matrix.obj
c:\users\miste\desktop\app tfg\interfaz\sphinxbase\win32\sphinxbase\debug\win32\mmio.obj
c:\users\miste\desktop\app tfg\interfaz\sphinxbase\win32\sphinxbase\debug\win32\pio.obj
c:\users\miste\desktop\app tfg\interfaz\sphinxbase\win32\sphinxbase\debug\win32\priority_queue.obj
c:\users\miste\desktop\app tfg\interfaz\sphinxbase\win32\sphinxbase\debug\win32\profile.obj
c:\users\miste\desktop\app tfg\interfaz\sphinxbase\win32\sphinxbase\debug\win32\sbthread.obj
c:\users\miste\desktop\app tfg\interfaz\sphinxbase\win32\sphinxbase\debug\win32\slamch.obj
c:\users\miste\desktop\app tfg\interfaz\sphinxbase\win32\sphinxbase\debug\win32\slapack_lite.obj
c:\users\miste\desktop\app tfg\interfaz\sphinxbase\win32\sphinxbase\debug\win32\strfuncs.obj
c:\users\miste\desktop\app tfg\interfaz\sphinxbase\win32\sphinxbase\debug\win32\fe_warp_inverse_linear.obj
c:\users\miste\desktop\app tfg\interfaz\sphinxbase\win32\sphinxbase\debug\win32\fe_warp_piecewise_linear.obj
c:\users\miste\desktop\app tfg\interfaz\sphinxbase\win32\sphinxbase\debug\win32\fixlog.obj
c:\users\miste\desktop\app tfg\interfaz\sphinxbase\win32\sphinxbase\debug\win32\yin.obj
c:\users\miste\desktop\app tfg\interfaz\sphinxbase\win32\sphinxbase\debug\win32\fsg_model.obj
c:\users\miste\desktop\app tfg\interfaz\sphinxbase\win32\sphinxbase\debug\win32\jsgf.obj
c:\users\miste\desktop\app tfg\interfaz\sphinxbase\win32\sphinxbase\debug\win32\jsgf_parser.obj
c:\users\miste\desktop\app tfg\interfaz\sphinxbase\win32\sphinxbase\debug\win32\jsgf_scanner.obj
c:\users\miste\desktop\app tfg\interfaz\sphinxbase\win32\sphinxbase\debug\win32\ngrams_raw.obj
c:\users\miste\desktop\app tfg\interfaz\sphinxbase\win32\sphinxbase\debug\win32\lm_trie.obj
c:\users\miste\desktop\app tfg\interfaz\sphinxbase\win32\sphinxbase\debug\win32\lm_trie_quant.obj
c:\users\miste\desktop\app tfg\interfaz\sphinxbase\win32\sphinxbase\debug\win32\ngram_model.obj
c:\users\miste\desktop\app tfg\interfaz\sphinxbase\win32\sphinxbase\debug\win32\ngram_model_set.obj
c:\users\miste\desktop\app tfg\interfaz\sphinxbase\win32\sphinxbase\debug\win32\ngram_model_trie.obj
c:\users\miste\desktop\app tfg\interfaz\sphinxbase\win32\sphinxbase\debug\win32\bio.obj
c:\users\miste\desktop\app tfg\interfaz\sphinxbase\win32\sphinxbase\debug\win32\bitarr.obj
c:\users\miste\desktop\app tfg\interfaz\sphinxbase\win32\sphinxbase\debug\win32\bitvec.obj
c:\users\miste\desktop\app tfg\interfaz\sphinxbase\win32\sphinxbase\debug\win32\blas_lite.obj
c:\users\miste\desktop\app tfg\interfaz\sphinxbase\win32\sphinxbase\debug\win32\case.obj
c:\users\miste\desktop\app tfg\interfaz\sphinxbase\win32\sphinxbase\debug\win32\ckd_alloc.obj
c:\users\miste\desktop\app tfg\interfaz\sphinxbase\win32\sphinxbase\debug\win32\ad_win32.obj
c:\users\miste\desktop\app tfg\interfaz\sphinxbase\win32\sphinxbase\debug\win32\agc.obj
c:\users\miste\desktop\app tfg\interfaz\sphinxbase\win32\sphinxbase\debug\win32\cmn.obj
c:\users\miste\desktop\app tfg\interfaz\sphinxbase\win32\sphinxbase\debug\win32\cmn_prior.obj
c:\users\miste\desktop\app tfg\interfaz\sphinxbase\win32\sphinxbase\debug\win32\feat.obj
c:\users\miste\desktop\app tfg\interfaz\sphinxbase\win32\sphinxbase\debug\win32\lda.obj
c:\users\miste\desktop\app tfg\interfaz\sphinxbase\win32\sphinxbase\debug\win32\fe_interface.obj
c:\users\miste\desktop\app tfg\interfaz\sphinxbase\win32\sphinxbase\debug\win32\fe_noise.obj
c:\users\miste\desktop\app tfg\interfaz\sphinxbase\win32\sphinxbase\debug\win32\fe_prespch_buf.obj
c:\users\miste\desktop\app tfg\interfaz\sphinxbase\win32\sphinxbase\debug\win32\fe_sigproc.obj
c:\users\miste\desktop\app tfg\interfaz\sphinxbase\win32\sphinxbase\debug\win32\fe_warp_affine.obj
c:\users\miste\desktop\app tfg\interfaz\sphinxbase\win32\sphinxbase\debug\win32\fe_warp.obj
c:\users\miste\desktop\app tfg\interfaz\sphinxbase\bin\debug\win32\sphinxbase.ilk
c:\users\miste\desktop\app tfg\interfaz\sphinxbase\bin\debug\win32\sphinxbase.dll
c:\users\miste\desktop\app tfg\interfaz\sphinxbase\bin\debug\win32\sphinxbase.pdb
c:\users\miste\desktop\app tfg\interfaz\sphinxbase\bin\debug\win32\sphinxbase.lib
c:\users\miste\desktop\app tfg\interfaz\sphinxbase\bin\debug\win32\sphinxbase.exp
c:\users\miste\desktop\app tfg\interfaz\sphinxbase\win32\sphinxbase\debug\win32\sphinxbase.tlog\cl.command.1.tlog
c:\users\miste\desktop\app tfg\interfaz\sphinxbase\win32\sphinxbase\debug\win32\sphinxbase.tlog\cl.read.1.tlog
c:\users\miste\desktop\app tfg\interfaz\sphinxbase\win32\sphinxbase\debug\win32\sphinxbase.tlog\cl.write.1.tlog
c:\users\miste\desktop\app tfg\interfaz\sphinxbase\win32\sphinxbase\debug\win32\sphinxbase.tlog\link.command.1.tlog
c:\users\miste\desktop\app tfg\interfaz\sphinxbase\win32\sphinxbase\debug\win32\sphinxbase.tlog\link.read.1.tlog
c:\users\miste\desktop\app tfg\interfaz\sphinxbase\win32\sphinxbase\debug\win32\sphinxbase.tlog\link.write.1.tlog
c:\users\miste\desktop\app tfg\interfaz\sphinxbase\win32\sphinxbase\debug\win32\sphinxbase.tlog\sphinxbase.write.1u.tlog
